<?xml version="1.0" encoding="UTF-8"?>
<testng-results skipped="0" failed="0" total="1" passed="1">
  <reporter-output>
  </reporter-output>
  <suite name="Surefire suite" duration-ms="40976" started-at="2020-01-22T19:37:49Z" finished-at="2020-01-22T19:38:30Z">
    <groups>
    </groups>
    <test name="Surefire test" duration-ms="40976" started-at="2020-01-22T19:37:49Z" finished-at="2020-01-22T19:38:30Z">
      <class name="com.edgenuity.tests.EducatorLoginPageTest">
        <test-method status="PASS" signature="browserstartup()[pri:0, instance:com.edgenuity.tests.EducatorLoginPageTest@62043840]" name="browserstartup" is-config="true" duration-ms="35597" started-at="2020-01-23T01:07:49Z" finished-at="2020-01-23T01:08:25Z">
          <reporter-output>
          </reporter-output>
        </test-method> <!-- browserstartup -->
        <test-method status="PASS" signature="login(java.lang.String, java.lang.String)[pri:0, instance:com.edgenuity.tests.EducatorLoginPageTest@62043840]" name="login" duration-ms="2648" started-at="2020-01-23T01:08:26Z" data-provider="configread" finished-at="2020-01-23T01:08:29Z">
          <params>
            <param index="0">
              <value>
                <![CDATA[prasharm40]]>
              </value>
            </param>
            <param index="1">
              <value>
                <![CDATA[12341234Q@]]>
              </value>
            </param>
          </params>
          <reporter-output>
          </reporter-output>
        </test-method> <!-- login -->
        <test-method status="PASS" signature="driverclose()[pri:0, instance:com.edgenuity.tests.EducatorLoginPageTest@62043840]" name="driverclose" is-config="true" duration-ms="1043" started-at="2020-01-23T01:08:29Z" finished-at="2020-01-23T01:08:30Z">
          <reporter-output>
          </reporter-output>
        </test-method> <!-- driverclose -->
      </class> <!-- com.edgenuity.tests.EducatorLoginPageTest -->
    </test> <!-- Surefire test -->
  </suite> <!-- Surefire suite -->
</testng-results>
