<?xml version="1.0" encoding="UTF-8"?>
<testng-results skipped="0" failed="0" total="1" passed="1">
  <reporter-output>
  </reporter-output>
  <suite name="Default suite" duration-ms="1053" started-at="2020-01-21T21:19:50Z" finished-at="2020-01-21T21:19:51Z">
    <groups>
    </groups>
    <test name="Default test" duration-ms="1053" started-at="2020-01-21T21:19:50Z" finished-at="2020-01-21T21:19:51Z">
      <class name="com.edgenuity.config.ConfigurationReader">
        <test-method status="PASS" signature="configreader()[pri:0, instance:com.edgenuity.config.ConfigurationReader@6767c1fc]" name="configreader" duration-ms="1021" started-at="2020-01-22T02:49:50Z" finished-at="2020-01-22T02:49:51Z">
          <reporter-output>
          </reporter-output>
        </test-method> <!-- configreader -->
      </class> <!-- com.edgenuity.config.ConfigurationReader -->
    </test> <!-- Default test -->
  </suite> <!-- Default suite -->
</testng-results>
